0 silly argv { _: [ 'clean' ],
0 silly argv   lernaVersion: '3.6.0',
0 silly argv   '$0': '/Users/basav/practices/stencil-webcomponents/node_modules/.bin/lerna' }
1 notice cli v3.6.0
2 verbose rootPath /Users/basav/practices/stencil-webcomponents
3 info versioning independent
4 info Removing the following directories:
5 info clean packages/molecule-vtkjs/node_modules
5 info clean packages/react-boilerplate/node_modules
5 info clean packages/react-demo/node_modules
5 info clean packages/sample-data/node_modules
5 info clean packages/types/node_modules
5 info clean packages/utils/node_modules
6 info clean removing /Users/basav/practices/stencil-webcomponents/packages/molecule-vtkjs/node_modules
7 silly rimrafDir /Users/basav/practices/stencil-webcomponents/packages/molecule-vtkjs/node_modules
8 info clean removing /Users/basav/practices/stencil-webcomponents/packages/react-boilerplate/node_modules
9 silly rimrafDir /Users/basav/practices/stencil-webcomponents/packages/react-boilerplate/node_modules
10 info clean removing /Users/basav/practices/stencil-webcomponents/packages/react-demo/node_modules
11 silly rimrafDir /Users/basav/practices/stencil-webcomponents/packages/react-demo/node_modules
12 info clean removing /Users/basav/practices/stencil-webcomponents/packages/sample-data/node_modules
13 silly rimrafDir /Users/basav/practices/stencil-webcomponents/packages/sample-data/node_modules
14 info clean removing /Users/basav/practices/stencil-webcomponents/packages/types/node_modules
15 silly rimrafDir /Users/basav/practices/stencil-webcomponents/packages/types/node_modules
16 error Error: Command failed: /usr/local/Cellar/node@8/8.11.3_1/bin/node /Users/basav/practices/stencil-webcomponents/node_modules/rimraf/bin.js --no-glob /Users/basav/practices/stencil-webcomponents/packages/molecule-vtkjs/node_modules/
16 error     at makeError (/Users/basav/practices/stencil-webcomponents/node_modules/execa/index.js:174:9)
16 error     at Promise.all.then.arr (/Users/basav/practices/stencil-webcomponents/node_modules/execa/index.js:278:16)
16 error     at <anonymous>
